[04-Dec-2023 07:16:05 UTC] PHP Notice:  Array to string conversion in C:\MAMP\htdocs\projet-10_med-it\wp-content\themes\oceanwp-child-theme-master\header.php on line 66
[04-Dec-2023 07:26:39 UTC] PHP Notice:  Array to string conversion in C:\MAMP\htdocs\projet-10_med-it\wp-content\themes\oceanwp-child-theme-master\header.php on line 66
[04-Dec-2023 07:26:47 UTC] PHP Deprecated:  Function _content_template is <strong>deprecated</strong> since version 2.9.0! Use Elementor\Controls_Stack::content_template() instead. in C:\MAMP\htdocs\projet-10_med-it\wp-includes\functions.php on line 5383
[04-Dec-2023 07:26:47 UTC] PHP Deprecated:  Function _content_template is <strong>deprecated</strong> since version 2.9.0! Use Elementor\Controls_Stack::content_template() instead. in C:\MAMP\htdocs\projet-10_med-it\wp-includes\functions.php on line 5383
[04-Dec-2023 07:26:47 UTC] PHP Deprecated:  Function _content_template is <strong>deprecated</strong> since version 2.9.0! Use Elementor\Controls_Stack::content_template() instead. in C:\MAMP\htdocs\projet-10_med-it\wp-includes\functions.php on line 5383
[04-Dec-2023 07:26:47 UTC] PHP Deprecated:  Function _content_template is <strong>deprecated</strong> since version 2.9.0! Use Elementor\Controls_Stack::content_template() instead. in C:\MAMP\htdocs\projet-10_med-it\wp-includes\functions.php on line 5383
[04-Dec-2023 07:26:47 UTC] PHP Deprecated:  Function _content_template is <strong>deprecated</strong> since version 2.9.0! Use Elementor\Controls_Stack::content_template() instead. in C:\MAMP\htdocs\projet-10_med-it\wp-includes\functions.php on line 5383
[04-Dec-2023 07:26:47 UTC] PHP Deprecated:  Function _content_template is <strong>deprecated</strong> since version 2.9.0! Use Elementor\Controls_Stack::content_template() instead. in C:\MAMP\htdocs\projet-10_med-it\wp-includes\functions.php on line 5383
[04-Dec-2023 07:26:47 UTC] PHP Deprecated:  Function _content_template is <strong>deprecated</strong> since version 2.9.0! Use Elementor\Controls_Stack::content_template() instead. in C:\MAMP\htdocs\projet-10_med-it\wp-includes\functions.php on line 5383
[04-Dec-2023 07:26:47 UTC] PHP Deprecated:  Function _content_template is <strong>deprecated</strong> since version 2.9.0! Use Elementor\Controls_Stack::content_template() instead. in C:\MAMP\htdocs\projet-10_med-it\wp-includes\functions.php on line 5383
[04-Dec-2023 07:26:47 UTC] PHP Deprecated:  Function _content_template is <strong>deprecated</strong> since version 2.9.0! Use Elementor\Controls_Stack::content_template() instead. in C:\MAMP\htdocs\projet-10_med-it\wp-includes\functions.php on line 5383
[04-Dec-2023 07:26:47 UTC] PHP Deprecated:  Function _content_template is <strong>deprecated</strong> since version 2.9.0! Use Elementor\Controls_Stack::content_template() instead. in C:\MAMP\htdocs\projet-10_med-it\wp-includes\functions.php on line 5383
[04-Dec-2023 07:26:47 UTC] PHP Deprecated:  Function _content_template is <strong>deprecated</strong> since version 2.9.0! Use Elementor\Controls_Stack::content_template() instead. in C:\MAMP\htdocs\projet-10_med-it\wp-includes\functions.php on line 5383
[04-Dec-2023 07:26:47 UTC] PHP Deprecated:  Function _content_template is <strong>deprecated</strong> since version 2.9.0! Use Elementor\Controls_Stack::content_template() instead. in C:\MAMP\htdocs\projet-10_med-it\wp-includes\functions.php on line 5383
[04-Dec-2023 07:26:47 UTC] PHP Deprecated:  Function _content_template is <strong>deprecated</strong> since version 2.9.0! Use Elementor\Controls_Stack::content_template() instead. in C:\MAMP\htdocs\projet-10_med-it\wp-includes\functions.php on line 5383
[04-Dec-2023 07:26:47 UTC] PHP Deprecated:  Function _content_template is <strong>deprecated</strong> since version 2.9.0! Use Elementor\Controls_Stack::content_template() instead. in C:\MAMP\htdocs\projet-10_med-it\wp-includes\functions.php on line 5383
[04-Dec-2023 07:26:47 UTC] PHP Deprecated:  Function _content_template is <strong>deprecated</strong> since version 2.9.0! Use Elementor\Controls_Stack::content_template() instead. in C:\MAMP\htdocs\projet-10_med-it\wp-includes\functions.php on line 5383
[04-Dec-2023 07:26:47 UTC] PHP Deprecated:  Function _content_template is <strong>deprecated</strong> since version 2.9.0! Use Elementor\Controls_Stack::content_template() instead. in C:\MAMP\htdocs\projet-10_med-it\wp-includes\functions.php on line 5383
[04-Dec-2023 07:26:47 UTC] PHP Deprecated:  Function _content_template is <strong>deprecated</strong> since version 2.9.0! Use Elementor\Controls_Stack::content_template() instead. in C:\MAMP\htdocs\projet-10_med-it\wp-includes\functions.php on line 5383
[04-Dec-2023 07:26:47 UTC] PHP Deprecated:  Function _content_template is <strong>deprecated</strong> since version 2.9.0! Use Elementor\Controls_Stack::content_template() instead. in C:\MAMP\htdocs\projet-10_med-it\wp-includes\functions.php on line 5383
[04-Dec-2023 07:26:47 UTC] PHP Deprecated:  Function _content_template is <strong>deprecated</strong> since version 2.9.0! Use Elementor\Controls_Stack::content_template() instead. in C:\MAMP\htdocs\projet-10_med-it\wp-includes\functions.php on line 5383
[04-Dec-2023 07:26:47 UTC] PHP Deprecated:  Function _content_template is <strong>deprecated</strong> since version 2.9.0! Use Elementor\Controls_Stack::content_template() instead. in C:\MAMP\htdocs\projet-10_med-it\wp-includes\functions.php on line 5383
[04-Dec-2023 07:26:47 UTC] PHP Deprecated:  Function _content_template is <strong>deprecated</strong> since version 2.9.0! Use Elementor\Controls_Stack::content_template() instead. in C:\MAMP\htdocs\projet-10_med-it\wp-includes\functions.php on line 5383
[04-Dec-2023 07:26:47 UTC] PHP Deprecated:  Function _content_template is <strong>deprecated</strong> since version 2.9.0! Use Elementor\Controls_Stack::content_template() instead. in C:\MAMP\htdocs\projet-10_med-it\wp-includes\functions.php on line 5383
[04-Dec-2023 07:26:47 UTC] PHP Deprecated:  Function _content_template is <strong>deprecated</strong> since version 2.9.0! Use Elementor\Controls_Stack::content_template() instead. in C:\MAMP\htdocs\projet-10_med-it\wp-includes\functions.php on line 5383
[04-Dec-2023 07:26:47 UTC] PHP Deprecated:  Function _content_template is <strong>deprecated</strong> since version 2.9.0! Use Elementor\Controls_Stack::content_template() instead. in C:\MAMP\htdocs\projet-10_med-it\wp-includes\functions.php on line 5383
[04-Dec-2023 07:26:51 UTC] PHP Deprecated:  Function _register_controls is <strong>deprecated</strong> since version 3.1.0! Use Elementor\Controls_Stack::register_controls() instead. in C:\MAMP\htdocs\projet-10_med-it\wp-includes\functions.php on line 5383
[04-Dec-2023 07:26:51 UTC] PHP Notice:  Undefined index: file in C:\MAMP\htdocs\projet-10_med-it\wp-content\plugins\query-monitor\collectors\php_errors.php on line 380
[04-Dec-2023 07:26:51 UTC] PHP Notice:  Undefined index: line in C:\MAMP\htdocs\projet-10_med-it\wp-content\plugins\query-monitor\collectors\php_errors.php on line 380
[04-Dec-2023 07:26:51 UTC] PHP Fatal error:  Uncaught Error: Class 'Elementor\Scheme_Typography' not found in C:\MAMP\htdocs\projet-10_med-it\wp-content\plugins\ocean-elementor-widgets\modules\accordion\widgets\accordion.php:244
Stack trace:
#0 C:\MAMP\htdocs\projet-10_med-it\wp-content\plugins\elementor\includes\base\controls-stack.php(2325): owpElementor\Modules\Accordion\Widgets\Accordion->_register_controls()
#1 C:\MAMP\htdocs\projet-10_med-it\wp-content\plugins\elementor\includes\base\controls-stack.php(496): Elementor\Controls_Stack->init_controls()
#2 C:\MAMP\htdocs\projet-10_med-it\wp-content\plugins\elementor\includes\base\widget-base.php(177): Elementor\Controls_Stack->get_stack()
#3 C:\MAMP\htdocs\projet-10_med-it\wp-content\plugins\elementor\includes\managers\widgets.php(351): Elementor\Widget_Base->get_stack(false)
#4 [internal function]: Elementor\Widgets_Manager->ajax_get_widget_types_controls_config(Array, Object(Elementor\Core\Common\Modules\Ajax\Module))
#5 C:\MAMP\htdocs\projet-10_med-it\wp-content\plugins\elementor\core\common\module in C:\MAMP\htdocs\projet-10_med-it\wp-content\plugins\ocean-elementor-widgets\modules\accordion\widgets\accordion.php on line 244
[04-Dec-2023 07:26:51 UTC] PHP Notice:  Array to string conversion in C:\MAMP\htdocs\projet-10_med-it\wp-content\themes\oceanwp-child-theme-master\header.php on line 66
